<?xml version="1.0" encoding="UTF-8"?>
<!-- Generated by org.testng.reporters.JUnitReportReporter -->
<testsuite hostname="ULTIMUS" failures="0" tests="2" name="cucumberOptions.testNGRunner" time="0.117" errors="0" timestamp="2025-08-04T10:34:41 IST" skipped="0">
  <testcase classname="cucumberOptions.testNGRunner" name="runScenario" time="0.012"/>
  <testcase classname="cucumberOptions.testNGRunner" name="runScenario" time="0.105"/>
</testsuite> <!-- cucumberOptions.testNGRunner -->
